# Logfile created on 2017-06-03 20:22:03 -0400 by logger.rb/36483
I, [2017-06-03T20:22:03.179049 #86558]  INFO -- : 0:  i18n (0.8.1) from /Users/soroushkhanlou/.rbenv/versions/2.0.0-p247/lib/ruby/gems/2.0.0/specifications/i18n-0.8.1.gemspec
I, [2017-06-03T20:22:03.339349 #86558]  INFO -- : 0:  minitest (5.10.2) from /Users/soroushkhanlou/.rbenv/versions/2.0.0-p247/lib/ruby/gems/2.0.0/specifications/minitest-5.10.2.gemspec
I, [2017-06-03T20:22:03.551463 #86558]  INFO -- : 0:  thread_safe (0.3.6) from /Users/soroushkhanlou/.rbenv/versions/2.0.0-p247/lib/ruby/gems/2.0.0/specifications/thread_safe-0.3.6.gemspec
I, [2017-06-03T20:22:03.778927 #86558]  INFO -- : 0:  tzinfo (1.2.3) from /Users/soroushkhanlou/.rbenv/versions/2.0.0-p247/lib/ruby/gems/2.0.0/specifications/tzinfo-1.2.3.gemspec
I, [2017-06-03T20:22:04.138960 #86558]  INFO -- : 0:  activesupport (4.2.8) from /Users/soroushkhanlou/.rbenv/versions/2.0.0-p247/lib/ruby/gems/2.0.0/specifications/activesupport-4.2.8.gemspec
I, [2017-06-03T20:22:04.139315 #86558]  INFO -- : 0:  public_suffix (2.0.5) from /Users/soroushkhanlou/.rbenv/versions/2.0.0-p247/lib/ruby/gems/2.0.0/specifications/public_suffix-2.0.5.gemspec
I, [2017-06-03T20:22:04.139649 #86558]  INFO -- : 0:  addressable (2.5.1) from /Users/soroushkhanlou/.rbenv/versions/2.0.0-p247/lib/ruby/gems/2.0.0/specifications/addressable-2.5.1.gemspec
I, [2017-06-03T20:22:04.296505 #86558]  INFO -- : 0:  coffee-script-source (1.12.2) from /Users/soroushkhanlou/.rbenv/versions/2.0.0-p247/lib/ruby/gems/2.0.0/specifications/coffee-script-source-1.12.2.gemspec
I, [2017-06-03T20:22:04.418542 #86558]  INFO -- : 0:  execjs (2.7.0) from /Users/soroushkhanlou/.rbenv/versions/2.0.0-p247/lib/ruby/gems/2.0.0/specifications/execjs-2.7.0.gemspec
I, [2017-06-03T20:22:04.418853 #86558]  INFO -- : 0:  coffee-script (2.4.1) from /Users/soroushkhanlou/.rbenv/versions/2.0.0-p247/lib/ruby/gems/2.0.0/specifications/coffee-script-2.4.1.gemspec
I, [2017-06-03T20:22:04.419087 #86558]  INFO -- : 0:  colorator (1.1.0) from /Users/soroushkhanlou/.rbenv/versions/2.0.0-p247/lib/ruby/gems/2.0.0/specifications/colorator-1.1.0.gemspec
I, [2017-06-03T20:22:04.419326 #86558]  INFO -- : 0:  ffi (1.9.18) from /Users/soroushkhanlou/.rbenv/versions/2.0.0-p247/lib/ruby/gems/2.0.0/specifications/ffi-1.9.18.gemspec
I, [2017-06-03T20:22:04.602338 #86558]  INFO -- : 0:  ethon (0.10.1) from /Users/soroushkhanlou/.rbenv/versions/2.0.0-p247/lib/ruby/gems/2.0.0/specifications/ethon-0.10.1.gemspec
I, [2017-06-03T20:22:04.602704 #86558]  INFO -- : 0:  multipart-post (2.0.0) from /Users/soroushkhanlou/.rbenv/versions/2.0.0-p247/lib/ruby/gems/2.0.0/specifications/multipart-post-2.0.0.gemspec
I, [2017-06-03T20:22:04.768804 #86558]  INFO -- : 0:  faraday (0.12.1) from /Users/soroushkhanlou/.rbenv/versions/2.0.0-p247/lib/ruby/gems/2.0.0/specifications/faraday-0.12.1.gemspec
I, [2017-06-03T20:22:04.769275 #86558]  INFO -- : 0:  forwardable-extended (2.6.0) from /Users/soroushkhanlou/.rbenv/versions/2.0.0-p247/lib/ruby/gems/2.0.0/specifications/forwardable-extended-2.6.0.gemspec
I, [2017-06-03T20:22:04.952937 #86558]  INFO -- : 0:  gemoji (3.0.0) from /Users/soroushkhanlou/.rbenv/versions/2.0.0-p247/lib/ruby/gems/2.0.0/specifications/gemoji-3.0.0.gemspec
I, [2017-06-03T20:22:05.117105 #86558]  INFO -- : 0:  net-dns (0.8.0) from /Users/soroushkhanlou/.rbenv/versions/2.0.0-p247/lib/ruby/gems/2.0.0/specifications/net-dns-0.8.0.gemspec
I, [2017-06-03T20:22:05.229793 #86558]  INFO -- : 0:  sawyer (0.8.1) from /Users/soroushkhanlou/.rbenv/versions/2.0.0-p247/lib/ruby/gems/2.0.0/specifications/sawyer-0.8.1.gemspec
I, [2017-06-03T20:22:05.432131 #86558]  INFO -- : 0:  octokit (4.7.0) from /Users/soroushkhanlou/.rbenv/versions/2.0.0-p247/lib/ruby/gems/2.0.0/specifications/octokit-4.7.0.gemspec
I, [2017-06-03T20:22:05.631945 #86558]  INFO -- : 0:  typhoeus (0.8.0) from /Users/soroushkhanlou/.rbenv/versions/2.0.0-p247/lib/ruby/gems/2.0.0/specifications/typhoeus-0.8.0.gemspec
I, [2017-06-03T20:22:05.787596 #86558]  INFO -- : 0:  github-pages-health-check (1.3.3) from /Users/soroushkhanlou/.rbenv/versions/2.0.0-p247/lib/ruby/gems/2.0.0/specifications/github-pages-health-check-1.3.3.gemspec
I, [2017-06-03T20:22:05.787974 #86558]  INFO -- : 0:  sass (3.4.24) from /Users/soroushkhanlou/.rbenv/versions/2.0.0-p247/lib/ruby/gems/2.0.0/specifications/sass-3.4.24.gemspec
I, [2017-06-03T20:22:05.788213 #86558]  INFO -- : 0:  jekyll-sass-converter (1.5.0) from /Users/soroushkhanlou/.rbenv/versions/2.0.0-p247/lib/ruby/gems/2.0.0/specifications/jekyll-sass-converter-1.5.0.gemspec
I, [2017-06-03T20:22:05.788444 #86558]  INFO -- : 0:  rb-fsevent (0.9.8) from /Users/soroushkhanlou/.rbenv/versions/2.0.0-p247/lib/ruby/gems/2.0.0/specifications/rb-fsevent-0.9.8.gemspec
I, [2017-06-03T20:22:05.788690 #86558]  INFO -- : 0:  rb-inotify (0.9.8) from /Users/soroushkhanlou/.rbenv/versions/2.0.0-p247/lib/ruby/gems/2.0.0/specifications/rb-inotify-0.9.8.gemspec
I, [2017-06-03T20:22:05.922999 #86558]  INFO -- : 0:  listen (3.0.6) from /Users/soroushkhanlou/.rbenv/versions/2.0.0-p247/lib/ruby/gems/2.0.0/specifications/listen-3.0.6.gemspec
I, [2017-06-03T20:22:05.923300 #86558]  INFO -- : 0:  jekyll-watch (1.5.0) from /Users/soroushkhanlou/.rbenv/versions/2.0.0-p247/lib/ruby/gems/2.0.0/specifications/jekyll-watch-1.5.0.gemspec
I, [2017-06-03T20:22:05.923537 #86558]  INFO -- : 0:  kramdown (1.13.2) from /Users/soroushkhanlou/.rbenv/versions/2.0.0-p247/lib/ruby/gems/2.0.0/specifications/kramdown-1.13.2.gemspec
I, [2017-06-03T20:22:05.923765 #86558]  INFO -- : 0:  liquid (3.0.6) from /Users/soroushkhanlou/.rbenv/versions/2.0.0-p247/lib/ruby/gems/2.0.0/specifications/liquid-3.0.6.gemspec
I, [2017-06-03T20:22:05.923995 #86558]  INFO -- : 0:  mercenary (0.3.6) from /Users/soroushkhanlou/.rbenv/versions/2.0.0-p247/lib/ruby/gems/2.0.0/specifications/mercenary-0.3.6.gemspec
I, [2017-06-03T20:22:05.924216 #86558]  INFO -- : 0:  pathutil (0.14.0) from /Users/soroushkhanlou/.rbenv/versions/2.0.0-p247/lib/ruby/gems/2.0.0/specifications/pathutil-0.14.0.gemspec
I, [2017-06-03T20:22:05.924440 #86558]  INFO -- : 0:  rouge (1.11.1) from /Users/soroushkhanlou/.rbenv/versions/2.0.0-p247/lib/ruby/gems/2.0.0/specifications/rouge-1.11.1.gemspec
I, [2017-06-03T20:22:05.924659 #86558]  INFO -- : 0:  safe_yaml (1.0.4) from /Users/soroushkhanlou/.rbenv/versions/2.0.0-p247/lib/ruby/gems/2.0.0/specifications/safe_yaml-1.0.4.gemspec
I, [2017-06-03T20:22:05.924883 #86558]  INFO -- : 0:  jekyll (3.4.3) from /Users/soroushkhanlou/.rbenv/versions/2.0.0-p247/lib/ruby/gems/2.0.0/specifications/jekyll-3.4.3.gemspec
I, [2017-06-03T20:22:06.034862 #86558]  INFO -- : 0:  jekyll-avatar (0.4.2) from /Users/soroushkhanlou/.rbenv/versions/2.0.0-p247/lib/ruby/gems/2.0.0/specifications/jekyll-avatar-0.4.2.gemspec
I, [2017-06-03T20:22:06.035159 #86558]  INFO -- : 0:  jekyll-coffeescript (1.0.1) from /Users/soroushkhanlou/.rbenv/versions/2.0.0-p247/lib/ruby/gems/2.0.0/specifications/jekyll-coffeescript-1.0.1.gemspec
I, [2017-06-03T20:22:06.127098 #86558]  INFO -- : 0:  jekyll-default-layout (0.1.4) from /Users/soroushkhanlou/.rbenv/versions/2.0.0-p247/lib/ruby/gems/2.0.0/specifications/jekyll-default-layout-0.1.4.gemspec
I, [2017-06-03T20:22:06.127634 #86558]  INFO -- : 0:  jekyll-feed (0.9.2) from /Users/soroushkhanlou/.rbenv/versions/2.0.0-p247/lib/ruby/gems/2.0.0/specifications/jekyll-feed-0.9.2.gemspec
I, [2017-06-03T20:22:06.268265 #86558]  INFO -- : 0:  jekyll-gist (1.4.0) from /Users/soroushkhanlou/.rbenv/versions/2.0.0-p247/lib/ruby/gems/2.0.0/specifications/jekyll-gist-1.4.0.gemspec
I, [2017-06-03T20:22:06.374270 #86558]  INFO -- : 0:  jekyll-github-metadata (2.3.1) from /Users/soroushkhanlou/.rbenv/versions/2.0.0-p247/lib/ruby/gems/2.0.0/specifications/jekyll-github-metadata-2.3.1.gemspec
I, [2017-06-03T20:22:06.500246 #86558]  INFO -- : 0:  mini_portile2 (2.1.0) from /Users/soroushkhanlou/.rbenv/versions/2.0.0-p247/lib/ruby/gems/2.0.0/specifications/mini_portile2-2.1.0.gemspec
I, [2017-06-03T20:23:16.670525 #86558]  INFO -- : 0:  nokogiri (1.6.8.1) from /Users/soroushkhanlou/.rbenv/versions/2.0.0-p247/lib/ruby/gems/2.0.0/specifications/nokogiri-1.6.8.1.gemspec
I, [2017-06-03T20:23:16.832711 #86558]  INFO -- : 0:  html-pipeline (2.6.0) from /Users/soroushkhanlou/.rbenv/versions/2.0.0-p247/lib/ruby/gems/2.0.0/specifications/html-pipeline-2.6.0.gemspec
I, [2017-06-03T20:23:17.039464 #86558]  INFO -- : 0:  jekyll-mentions (1.2.0) from /Users/soroushkhanlou/.rbenv/versions/2.0.0-p247/lib/ruby/gems/2.0.0/specifications/jekyll-mentions-1.2.0.gemspec
I, [2017-06-03T20:23:17.136388 #86558]  INFO -- : 0:  jekyll-optional-front-matter (0.1.2) from /Users/soroushkhanlou/.rbenv/versions/2.0.0-p247/lib/ruby/gems/2.0.0/specifications/jekyll-optional-front-matter-0.1.2.gemspec
I, [2017-06-03T20:23:17.136730 #86558]  INFO -- : 0:  jekyll-paginate (1.1.0) from /Users/soroushkhanlou/.rbenv/versions/2.0.0-p247/lib/ruby/gems/2.0.0/specifications/jekyll-paginate-1.1.0.gemspec
I, [2017-06-03T20:23:17.243402 #86558]  INFO -- : 0:  jekyll-readme-index (0.1.0) from /Users/soroushkhanlou/.rbenv/versions/2.0.0-p247/lib/ruby/gems/2.0.0/specifications/jekyll-readme-index-0.1.0.gemspec
I, [2017-06-03T20:23:17.380188 #86558]  INFO -- : 0:  jekyll-redirect-from (0.12.1) from /Users/soroushkhanlou/.rbenv/versions/2.0.0-p247/lib/ruby/gems/2.0.0/specifications/jekyll-redirect-from-0.12.1.gemspec
I, [2017-06-03T20:23:17.475724 #86558]  INFO -- : 0:  jekyll-relative-links (0.4.0) from /Users/soroushkhanlou/.rbenv/versions/2.0.0-p247/lib/ruby/gems/2.0.0/specifications/jekyll-relative-links-0.4.0.gemspec
I, [2017-06-03T20:23:17.603072 #86558]  INFO -- : 0:  jekyll-seo-tag (2.2.3) from /Users/soroushkhanlou/.rbenv/versions/2.0.0-p247/lib/ruby/gems/2.0.0/specifications/jekyll-seo-tag-2.2.3.gemspec
I, [2017-06-03T20:23:17.824447 #86558]  INFO -- : 0:  jekyll-sitemap (1.0.0) from /Users/soroushkhanlou/.rbenv/versions/2.0.0-p247/lib/ruby/gems/2.0.0/specifications/jekyll-sitemap-1.0.0.gemspec
I, [2017-06-03T20:23:17.951988 #86558]  INFO -- : 0:  jekyll-swiss (0.4.0) from /Users/soroushkhanlou/.rbenv/versions/2.0.0-p247/lib/ruby/gems/2.0.0/specifications/jekyll-swiss-0.4.0.gemspec
I, [2017-06-03T20:23:18.104749 #86558]  INFO -- : 0:  jekyll-theme-architect (0.0.4) from /Users/soroushkhanlou/.rbenv/versions/2.0.0-p247/lib/ruby/gems/2.0.0/specifications/jekyll-theme-architect-0.0.4.gemspec
I, [2017-06-03T20:23:18.227799 #86558]  INFO -- : 0:  jekyll-theme-cayman (0.0.4) from /Users/soroushkhanlou/.rbenv/versions/2.0.0-p247/lib/ruby/gems/2.0.0/specifications/jekyll-theme-cayman-0.0.4.gemspec
I, [2017-06-03T20:23:18.377386 #86558]  INFO -- : 0:  jekyll-theme-dinky (0.0.4) from /Users/soroushkhanlou/.rbenv/versions/2.0.0-p247/lib/ruby/gems/2.0.0/specifications/jekyll-theme-dinky-0.0.4.gemspec
I, [2017-06-03T20:23:18.489740 #86558]  INFO -- : 0:  jekyll-theme-hacker (0.0.4) from /Users/soroushkhanlou/.rbenv/versions/2.0.0-p247/lib/ruby/gems/2.0.0/specifications/jekyll-theme-hacker-0.0.4.gemspec
I, [2017-06-03T20:23:18.876199 #86558]  INFO -- : 0:  jekyll-theme-leap-day (0.0.4) from /Users/soroushkhanlou/.rbenv/versions/2.0.0-p247/lib/ruby/gems/2.0.0/specifications/jekyll-theme-leap-day-0.0.4.gemspec
I, [2017-06-03T20:23:19.232807 #86558]  INFO -- : 0:  jekyll-theme-merlot (0.0.4) from /Users/soroushkhanlou/.rbenv/versions/2.0.0-p247/lib/ruby/gems/2.0.0/specifications/jekyll-theme-merlot-0.0.4.gemspec
I, [2017-06-03T20:23:19.593300 #86558]  INFO -- : 0:  jekyll-theme-midnight (0.0.4) from /Users/soroushkhanlou/.rbenv/versions/2.0.0-p247/lib/ruby/gems/2.0.0/specifications/jekyll-theme-midnight-0.0.4.gemspec
I, [2017-06-03T20:23:19.876890 #86558]  INFO -- : 0:  jekyll-theme-minimal (0.0.4) from /Users/soroushkhanlou/.rbenv/versions/2.0.0-p247/lib/ruby/gems/2.0.0/specifications/jekyll-theme-minimal-0.0.4.gemspec
I, [2017-06-03T20:23:19.978964 #86558]  INFO -- : 0:  jekyll-theme-modernist (0.0.4) from /Users/soroushkhanlou/.rbenv/versions/2.0.0-p247/lib/ruby/gems/2.0.0/specifications/jekyll-theme-modernist-0.0.4.gemspec
I, [2017-06-03T20:23:20.188615 #86558]  INFO -- : 0:  jekyll-theme-primer (0.1.8) from /Users/soroushkhanlou/.rbenv/versions/2.0.0-p247/lib/ruby/gems/2.0.0/specifications/jekyll-theme-primer-0.1.8.gemspec
I, [2017-06-03T20:23:20.315806 #86558]  INFO -- : 0:  jekyll-theme-slate (0.0.4) from /Users/soroushkhanlou/.rbenv/versions/2.0.0-p247/lib/ruby/gems/2.0.0/specifications/jekyll-theme-slate-0.0.4.gemspec
I, [2017-06-03T20:23:20.449593 #86558]  INFO -- : 0:  jekyll-theme-tactile (0.0.4) from /Users/soroushkhanlou/.rbenv/versions/2.0.0-p247/lib/ruby/gems/2.0.0/specifications/jekyll-theme-tactile-0.0.4.gemspec
I, [2017-06-03T20:23:20.568919 #86558]  INFO -- : 0:  jekyll-theme-time-machine (0.0.4) from /Users/soroushkhanlou/.rbenv/versions/2.0.0-p247/lib/ruby/gems/2.0.0/specifications/jekyll-theme-time-machine-0.0.4.gemspec
I, [2017-06-03T20:23:20.730831 #86558]  INFO -- : 0:  jekyll-titles-from-headings (0.1.5) from /Users/soroushkhanlou/.rbenv/versions/2.0.0-p247/lib/ruby/gems/2.0.0/specifications/jekyll-titles-from-headings-0.1.5.gemspec
I, [2017-06-03T20:23:20.822024 #86558]  INFO -- : 0:  jemoji (0.8.0) from /Users/soroushkhanlou/.rbenv/versions/2.0.0-p247/lib/ruby/gems/2.0.0/specifications/jemoji-0.8.0.gemspec
I, [2017-06-03T20:23:20.822575 #86558]  INFO -- : 0:  minima (2.1.1) from /Users/soroushkhanlou/.rbenv/versions/2.0.0-p247/lib/ruby/gems/2.0.0/specifications/minima-2.1.1.gemspec
I, [2017-06-03T20:23:20.919529 #86558]  INFO -- : 0:  unicode-display_width (1.2.1) from /Users/soroushkhanlou/.rbenv/versions/2.0.0-p247/lib/ruby/gems/2.0.0/specifications/unicode-display_width-1.2.1.gemspec
I, [2017-06-03T20:23:21.039815 #86558]  INFO -- : 0:  terminal-table (1.8.0) from /Users/soroushkhanlou/.rbenv/versions/2.0.0-p247/lib/ruby/gems/2.0.0/specifications/terminal-table-1.8.0.gemspec
I, [2017-06-03T20:23:21.159147 #86558]  INFO -- : 0:  github-pages (138) from /Users/soroushkhanlou/.rbenv/versions/2.0.0-p247/lib/ruby/gems/2.0.0/specifications/github-pages-138.gemspec
I, [2017-06-03T20:23:21.159436 #86558]  INFO -- : 0:  bundler (1.5.1) from /Users/soroushkhanlou/.rbenv/versions/2.0.0-p247/lib/ruby/gems/2.0.0/specifications/bundler-1.5.1.gemspec
